{"C:\\Users\\Eric\\Desktop\\GamePerformanceTracker\\backend\\config\\config.ts": {"path":"C:\\Users\\Eric\\Desktop\\GamePerformanceTracker\\backend\\config\\config.ts","statementMap":{"0":{"start":{"line":1,"column":0},"end":{"line":1,"column":28}},"1":{"start":{"line":3,"column":0},"end":{"line":3,"column":16}},"2":{"start":{"line":6,"column":22},"end":{"line":13,"column":2}},"3":{"start":{"line":15,"column":24},"end":{"line":15,"column":66}},"4":{"start":{"line":16,"column":20},"end":{"line":16,"column":51}},"5":{"start":{"line":18,"column":14},"end":{"line":21,"column":2}},"6":{"start":{"line":22,"column":15},"end":{"line":25,"column":2}},"7":{"start":{"line":27,"column":19},"end":{"line":27,"column":63}},"8":{"start":{"line":29,"column":15},"end":{"line":33,"column":2}},"9":{"start":{"line":35,"column":0},"end":{"line":35,"column":22}}},"fnMap":{},"branchMap":{"0":{"loc":{"start":{"line":15,"column":24},"end":{"line":15,"column":66}},"type":"binary-expr","locations":[{"start":{"line":15,"column":24},"end":{"line":15,"column":51}},{"start":{"line":15,"column":55},"end":{"line":15,"column":66}}]},"1":{"loc":{"start":{"line":16,"column":20},"end":{"line":16,"column":51}},"type":"binary-expr","locations":[{"start":{"line":16,"column":20},"end":{"line":16,"column":43}},{"start":{"line":16,"column":47},"end":{"line":16,"column":51}}]}},"s":{"0":1,"1":1,"2":1,"3":1,"4":1,"5":1,"6":1,"7":1,"8":1,"9":1},"f":{},"b":{"0":[1,1],"1":[1,1]}}
,"C:\\Users\\Eric\\Desktop\\GamePerformanceTracker\\backend\\models\\UserModel.ts": {"path":"C:\\Users\\Eric\\Desktop\\GamePerformanceTracker\\backend\\models\\UserModel.ts","statementMap":{"0":{"start":{"line":1,"column":0},"end":{"line":1,"column":44}},"1":{"start":{"line":4,"column":22},"end":{"line":7,"column":2}},"2":{"start":{"line":9,"column":19},"end":{"line":32,"column":null}},"3":{"start":{"line":35,"column":0},"end":{"line":35,"column":56}}},"fnMap":{},"branchMap":{},"s":{"0":1,"1":1,"2":1,"3":1},"f":{},"b":{}}
,"C:\\Users\\Eric\\Desktop\\GamePerformanceTracker\\backend\\riotApis\\riotApis.ts": {"path":"C:\\Users\\Eric\\Desktop\\GamePerformanceTracker\\backend\\riotApis\\riotApis.ts","statementMap":{"0":{"start":{"line":2,"column":0},"end":{"line":2,"column":38}},"1":{"start":{"line":3,"column":0},"end":{"line":3,"column":60}},"2":{"start":{"line":12,"column":16},"end":{"line":12,"column":23}},"3":{"start":{"line":14,"column":24},"end":{"line":26,"column":2}},"4":{"start":{"line":27,"column":30},"end":{"line":30,"column":2}},"5":{"start":{"line":33,"column":37},"end":{"line":38,"column":2}},"6":{"start":{"line":41,"column":32},"end":{"line":44,"column":null}},"7":{"start":{"line":41,"column":101},"end":{"line":44,"column":null}},"8":{"start":{"line":42,"column":36},"end":{"line":42,"column":138}},"9":{"start":{"line":43,"column":4},"end":{"line":43,"column":41}},"10":{"start":{"line":41,"column":13},"end":{"line":41,"column":32}},"11":{"start":{"line":47,"column":34},"end":{"line":50,"column":null}},"12":{"start":{"line":47,"column":102},"end":{"line":50,"column":null}},"13":{"start":{"line":48,"column":36},"end":{"line":48,"column":128}},"14":{"start":{"line":49,"column":4},"end":{"line":49,"column":50}},"15":{"start":{"line":47,"column":13},"end":{"line":47,"column":34}},"16":{"start":{"line":52,"column":34},"end":{"line":55,"column":null}},"17":{"start":{"line":52,"column":103},"end":{"line":55,"column":null}},"18":{"start":{"line":53,"column":36},"end":{"line":53,"column":149}},"19":{"start":{"line":54,"column":4},"end":{"line":54,"column":51}},"20":{"start":{"line":52,"column":13},"end":{"line":52,"column":34}},"21":{"start":{"line":57,"column":29},"end":{"line":61,"column":null}},"22":{"start":{"line":57,"column":53},"end":{"line":61,"column":null}},"23":{"start":{"line":58,"column":21},"end":{"line":58,"column":119}},"24":{"start":{"line":59,"column":22},"end":{"line":59,"column":35}},"25":{"start":{"line":60,"column":4},"end":{"line":60,"column":21}},"26":{"start":{"line":57,"column":13},"end":{"line":57,"column":29}},"27":{"start":{"line":63,"column":36},"end":{"line":66,"column":null}},"28":{"start":{"line":63,"column":114},"end":{"line":66,"column":null}},"29":{"start":{"line":64,"column":36},"end":{"line":64,"column":160}},"30":{"start":{"line":65,"column":4},"end":{"line":65,"column":42}},"31":{"start":{"line":63,"column":13},"end":{"line":63,"column":36}},"32":{"start":{"line":69,"column":29},"end":{"line":72,"column":null}},"33":{"start":{"line":69,"column":90},"end":{"line":72,"column":null}},"34":{"start":{"line":70,"column":36},"end":{"line":70,"column":127}},"35":{"start":{"line":71,"column":4},"end":{"line":71,"column":37}},"36":{"start":{"line":69,"column":13},"end":{"line":69,"column":29}}},"fnMap":{"0":{"name":"(anonymous_8)","decl":{"start":{"line":41,"column":32},"end":{"line":41,"column":38}},"loc":{"start":{"line":41,"column":101},"end":{"line":44,"column":null}}},"1":{"name":"(anonymous_9)","decl":{"start":{"line":41,"column":101},"end":{"line":41,"column":null}},"loc":{"start":{"line":41,"column":101},"end":{"line":44,"column":1}}},"2":{"name":"(anonymous_10)","decl":{"start":{"line":47,"column":34},"end":{"line":47,"column":40}},"loc":{"start":{"line":47,"column":102},"end":{"line":50,"column":null}}},"3":{"name":"(anonymous_11)","decl":{"start":{"line":47,"column":102},"end":{"line":47,"column":null}},"loc":{"start":{"line":47,"column":102},"end":{"line":50,"column":1}}},"4":{"name":"(anonymous_12)","decl":{"start":{"line":52,"column":34},"end":{"line":52,"column":40}},"loc":{"start":{"line":52,"column":103},"end":{"line":55,"column":null}}},"5":{"name":"(anonymous_13)","decl":{"start":{"line":52,"column":103},"end":{"line":52,"column":null}},"loc":{"start":{"line":52,"column":103},"end":{"line":55,"column":1}}},"6":{"name":"(anonymous_14)","decl":{"start":{"line":57,"column":29},"end":{"line":57,"column":51}},"loc":{"start":{"line":57,"column":53},"end":{"line":61,"column":null}}},"7":{"name":"(anonymous_15)","decl":{"start":{"line":57,"column":53},"end":{"line":57,"column":null}},"loc":{"start":{"line":57,"column":53},"end":{"line":61,"column":1}}},"8":{"name":"(anonymous_16)","decl":{"start":{"line":63,"column":36},"end":{"line":63,"column":42}},"loc":{"start":{"line":63,"column":114},"end":{"line":66,"column":null}}},"9":{"name":"(anonymous_17)","decl":{"start":{"line":63,"column":114},"end":{"line":63,"column":null}},"loc":{"start":{"line":63,"column":114},"end":{"line":66,"column":1}}},"10":{"name":"(anonymous_18)","decl":{"start":{"line":69,"column":29},"end":{"line":69,"column":35}},"loc":{"start":{"line":69,"column":90},"end":{"line":72,"column":null}}},"11":{"name":"(anonymous_19)","decl":{"start":{"line":69,"column":90},"end":{"line":69,"column":null}},"loc":{"start":{"line":69,"column":90},"end":{"line":72,"column":1}}}},"branchMap":{},"s":{"0":1,"1":1,"2":1,"3":1,"4":1,"5":1,"6":1,"7":0,"8":0,"9":0,"10":1,"11":1,"12":0,"13":0,"14":0,"15":1,"16":1,"17":0,"18":0,"19":0,"20":1,"21":1,"22":0,"23":0,"24":0,"25":0,"26":1,"27":1,"28":4,"29":4,"30":4,"31":1,"32":1,"33":23,"34":23,"35":23,"36":1},"f":{"0":0,"1":0,"2":0,"3":0,"4":0,"5":0,"6":0,"7":0,"8":4,"9":4,"10":23,"11":23},"b":{}}
,"C:\\Users\\Eric\\Desktop\\GamePerformanceTracker\\backend\\services\\matchService.ts": {"path":"C:\\Users\\Eric\\Desktop\\GamePerformanceTracker\\backend\\services\\matchService.ts","statementMap":{"0":{"start":{"line":1,"column":0},"end":{"line":1,"column":48}},"1":{"start":{"line":4,"column":0},"end":{"line":4,"column":35}},"2":{"start":{"line":7,"column":28},"end":{"line":10,"column":null}},"3":{"start":{"line":7,"column":110},"end":{"line":10,"column":null}},"4":{"start":{"line":8,"column":39},"end":{"line":8,"column":91}},"5":{"start":{"line":9,"column":4},"end":{"line":9,"column":43}},"6":{"start":{"line":7,"column":13},"end":{"line":7,"column":28}},"7":{"start":{"line":12,"column":35},"end":{"line":32,"column":2}},"8":{"start":{"line":12,"column":120},"end":{"line":32,"column":2}},"9":{"start":{"line":13,"column":41},"end":{"line":13,"column":103}},"10":{"start":{"line":14,"column":4},"end":{"line":31,"column":null}},"11":{"start":{"line":15,"column":43},"end":{"line":15,"column":98}},"12":{"start":{"line":17,"column":8},"end":{"line":28,"column":null}},"13":{"start":{"line":18,"column":12},"end":{"line":18,"column":null}},"14":{"start":{"line":19,"column":12},"end":{"line":19,"column":48}},"15":{"start":{"line":22,"column":13},"end":{"line":28,"column":null}},"16":{"start":{"line":23,"column":12},"end":{"line":23,"column":70}},"17":{"start":{"line":27,"column":12},"end":{"line":27,"column":48}},"18":{"start":{"line":30,"column":8},"end":{"line":30,"column":37}},"19":{"start":{"line":12,"column":13},"end":{"line":12,"column":35}},"20":{"start":{"line":34,"column":42},"end":{"line":41,"column":null}},"21":{"start":{"line":34,"column":120},"end":{"line":41,"column":null}},"22":{"start":{"line":35,"column":41},"end":{"line":35,"column":43}},"23":{"start":{"line":36,"column":4},"end":{"line":39,"column":null}},"24":{"start":{"line":37,"column":22},"end":{"line":37,"column":69}},"25":{"start":{"line":38,"column":8},"end":{"line":38,"column":32}},"26":{"start":{"line":40,"column":4},"end":{"line":40,"column":23}},"27":{"start":{"line":34,"column":13},"end":{"line":34,"column":42}},"28":{"start":{"line":43,"column":29},"end":{"line":76,"column":1}},"29":{"start":{"line":44,"column":35},"end":{"line":44,"column":37}},"30":{"start":{"line":45,"column":32},"end":{"line":45,"column":34}},"31":{"start":{"line":46,"column":33},"end":{"line":46,"column":35}},"32":{"start":{"line":47,"column":34},"end":{"line":47,"column":36}},"33":{"start":{"line":48,"column":14},"end":{"line":48,"column":15}},"34":{"start":{"line":49,"column":15},"end":{"line":49,"column":16}},"35":{"start":{"line":50,"column":19},"end":{"line":50,"column":20}},"36":{"start":{"line":51,"column":4},"end":{"line":67,"column":null}},"37":{"start":{"line":51,"column":16},"end":{"line":51,"column":34}},"38":{"start":{"line":52,"column":46},"end":{"line":52,"column":76}},"39":{"start":{"line":53,"column":8},"end":{"line":66,"column":null}},"40":{"start":{"line":53,"column":20},"end":{"line":53,"column":21}},"41":{"start":{"line":54,"column":12},"end":{"line":65,"column":null}},"42":{"start":{"line":55,"column":16},"end":{"line":59,"column":null}},"43":{"start":{"line":56,"column":20},"end":{"line":56,"column":29}},"44":{"start":{"line":58,"column":20},"end":{"line":58,"column":30}},"45":{"start":{"line":60,"column":16},"end":{"line":60,"column":79}},"46":{"start":{"line":61,"column":16},"end":{"line":61,"column":39}},"47":{"start":{"line":62,"column":16},"end":{"line":62,"column":43}},"48":{"start":{"line":63,"column":16},"end":{"line":63,"column":45}},"49":{"start":{"line":64,"column":16},"end":{"line":64,"column":47}},"50":{"start":{"line":69,"column":4},"end":{"line":75,"column":22}},"51":{"start":{"line":43,"column":13},"end":{"line":43,"column":29}},"52":{"start":{"line":79,"column":44},"end":{"line":91,"column":2}},"53":{"start":{"line":79,"column":129},"end":{"line":91,"column":2}},"54":{"start":{"line":80,"column":32},"end":{"line":80,"column":77}},"55":{"start":{"line":81,"column":4},"end":{"line":90,"column":null}},"56":{"start":{"line":82,"column":58},"end":{"line":82,"column":60}},"57":{"start":{"line":83,"column":8},"end":{"line":85,"column":null}},"58":{"start":{"line":83,"column":27},"end":{"line":83,"column":28}},"59":{"start":{"line":84,"column":12},"end":{"line":84,"column":79}},"60":{"start":{"line":87,"column":8},"end":{"line":87,"column":39}},"61":{"start":{"line":89,"column":8},"end":{"line":89,"column":54}},"62":{"start":{"line":79,"column":13},"end":{"line":79,"column":44}}},"fnMap":{"0":{"name":"(anonymous_14)","decl":{"start":{"line":7,"column":28},"end":{"line":7,"column":34}},"loc":{"start":{"line":7,"column":110},"end":{"line":10,"column":null}}},"1":{"name":"(anonymous_15)","decl":{"start":{"line":7,"column":110},"end":{"line":7,"column":null}},"loc":{"start":{"line":7,"column":110},"end":{"line":10,"column":1}}},"2":{"name":"(anonymous_16)","decl":{"start":{"line":12,"column":35},"end":{"line":12,"column":41}},"loc":{"start":{"line":12,"column":120},"end":{"line":32,"column":2}}},"3":{"name":"(anonymous_17)","decl":{"start":{"line":12,"column":120},"end":{"line":12,"column":null}},"loc":{"start":{"line":12,"column":120},"end":{"line":32,"column":1}}},"4":{"name":"(anonymous_18)","decl":{"start":{"line":34,"column":42},"end":{"line":34,"column":49}},"loc":{"start":{"line":34,"column":120},"end":{"line":41,"column":null}}},"5":{"name":"(anonymous_19)","decl":{"start":{"line":34,"column":120},"end":{"line":34,"column":null}},"loc":{"start":{"line":34,"column":120},"end":{"line":41,"column":1}}},"6":{"name":"(anonymous_20)","decl":{"start":{"line":43,"column":29},"end":{"line":43,"column":30}},"loc":{"start":{"line":43,"column":89},"end":{"line":76,"column":1}}},"7":{"name":"(anonymous_21)","decl":{"start":{"line":79,"column":44},"end":{"line":79,"column":50}},"loc":{"start":{"line":79,"column":129},"end":{"line":91,"column":2}}},"8":{"name":"(anonymous_22)","decl":{"start":{"line":79,"column":129},"end":{"line":79,"column":null}},"loc":{"start":{"line":79,"column":129},"end":{"line":91,"column":1}}}},"branchMap":{"0":{"loc":{"start":{"line":14,"column":4},"end":{"line":31,"column":null}},"type":"if","locations":[{"start":{"line":14,"column":4},"end":{"line":31,"column":null}},{"start":{"line":29,"column":10},"end":{"line":31,"column":null}}]},"1":{"loc":{"start":{"line":17,"column":8},"end":{"line":28,"column":null}},"type":"if","locations":[{"start":{"line":17,"column":8},"end":{"line":28,"column":null}},{"start":{"line":22,"column":13},"end":{"line":28,"column":null}}]},"2":{"loc":{"start":{"line":22,"column":13},"end":{"line":28,"column":null}},"type":"if","locations":[{"start":{"line":22,"column":13},"end":{"line":28,"column":null}},{"start":{"line":26,"column":13},"end":{"line":28,"column":null}}]},"3":{"loc":{"start":{"line":54,"column":12},"end":{"line":65,"column":null}},"type":"if","locations":[{"start":{"line":54,"column":12},"end":{"line":65,"column":null}}]},"4":{"loc":{"start":{"line":55,"column":16},"end":{"line":59,"column":null}},"type":"if","locations":[{"start":{"line":55,"column":16},"end":{"line":59,"column":null}},{"start":{"line":57,"column":21},"end":{"line":59,"column":null}}]},"5":{"loc":{"start":{"line":81,"column":4},"end":{"line":90,"column":null}},"type":"if","locations":[{"start":{"line":81,"column":4},"end":{"line":90,"column":null}},{"start":{"line":88,"column":11},"end":{"line":90,"column":null}}]}},"s":{"0":1,"1":1,"2":1,"3":0,"4":0,"5":0,"6":1,"7":1,"8":4,"9":4,"10":4,"11":2,"12":2,"13":1,"14":1,"15":1,"16":1,"17":0,"18":2,"19":1,"20":1,"21":2,"22":2,"23":2,"24":23,"25":23,"26":2,"27":1,"28":1,"29":2,"30":2,"31":2,"32":2,"33":2,"34":2,"35":2,"36":2,"37":2,"38":2,"39":2,"40":2,"41":4,"42":2,"43":0,"44":2,"45":2,"46":2,"47":2,"48":2,"49":2,"50":2,"51":1,"52":1,"53":0,"54":0,"55":0,"56":0,"57":0,"58":0,"59":0,"60":0,"61":0,"62":1},"f":{"0":0,"1":0,"2":4,"3":4,"4":2,"5":2,"6":2,"7":0,"8":0},"b":{"0":[2,2],"1":[1,1],"2":[1,0],"3":[2],"4":[0,2],"5":[0,0]}}
,"C:\\Users\\Eric\\Desktop\\GamePerformanceTracker\\backend\\services\\summonerService.ts": {"path":"C:\\Users\\Eric\\Desktop\\GamePerformanceTracker\\backend\\services\\summonerService.ts","statementMap":{"0":{"start":{"line":1,"column":0},"end":{"line":1,"column":48}},"1":{"start":{"line":6,"column":0},"end":{"line":6,"column":44}},"2":{"start":{"line":8,"column":33},"end":{"line":55,"column":null}},"3":{"start":{"line":8,"column":101},"end":{"line":55,"column":null}},"4":{"start":{"line":9,"column":35},"end":{"line":9,"column":88}},"5":{"start":{"line":10,"column":47},"end":{"line":10,"column":102}},"6":{"start":{"line":13,"column":26},"end":{"line":13,"column":84}},"7":{"start":{"line":14,"column":4},"end":{"line":27,"column":null}},"8":{"start":{"line":15,"column":8},"end":{"line":18,"column":null}},"9":{"start":{"line":20,"column":8},"end":{"line":26,"column":18}},"10":{"start":{"line":29,"column":46},"end":{"line":29,"column":101}},"11":{"start":{"line":30,"column":40},"end":{"line":30,"column":117}},"12":{"start":{"line":30,"column":85},"end":{"line":30,"column":104}},"13":{"start":{"line":31,"column":37},"end":{"line":31,"column":74}},"14":{"start":{"line":33,"column":4},"end":{"line":54,"column":null}},"15":{"start":{"line":34,"column":27},"end":{"line":34,"column":129}},"16":{"start":{"line":34,"column":73},"end":{"line":34,"column":110}},"17":{"start":{"line":35,"column":8},"end":{"line":43,"column":25}},"18":{"start":{"line":45,"column":8},"end":{"line":53,"column":25}},"19":{"start":{"line":8,"column":13},"end":{"line":8,"column":33}},"20":{"start":{"line":57,"column":26},"end":{"line":66,"column":null}},"21":{"start":{"line":57,"column":87},"end":{"line":66,"column":null}},"22":{"start":{"line":58,"column":28},"end":{"line":58,"column":58}},"23":{"start":{"line":59,"column":32},"end":{"line":59,"column":34}},"24":{"start":{"line":60,"column":4},"end":{"line":64,"column":null}},"25":{"start":{"line":61,"column":8},"end":{"line":63,"column":null}},"26":{"start":{"line":62,"column":12},"end":{"line":62,"column":45}},"27":{"start":{"line":65,"column":4},"end":{"line":65,"column":21}},"28":{"start":{"line":68,"column":33},"end":{"line":76,"column":null}},"29":{"start":{"line":68,"column":96},"end":{"line":76,"column":null}},"30":{"start":{"line":69,"column":26},"end":{"line":69,"column":67}},"31":{"start":{"line":70,"column":4},"end":{"line":75,"column":null}},"32":{"start":{"line":71,"column":8},"end":{"line":71,"column":35}},"33":{"start":{"line":73,"column":39},"end":{"line":73,"column":92}},"34":{"start":{"line":74,"column":8},"end":{"line":74,"column":30}},"35":{"start":{"line":68,"column":13},"end":{"line":68,"column":33}}},"fnMap":{"0":{"name":"(anonymous_14)","decl":{"start":{"line":8,"column":33},"end":{"line":8,"column":39}},"loc":{"start":{"line":8,"column":101},"end":{"line":55,"column":null}}},"1":{"name":"(anonymous_15)","decl":{"start":{"line":8,"column":101},"end":{"line":8,"column":null}},"loc":{"start":{"line":8,"column":101},"end":{"line":55,"column":1}}},"2":{"name":"(anonymous_16)","decl":{"start":{"line":30,"column":54},"end":{"line":30,"column":55}},"loc":{"start":{"line":30,"column":85},"end":{"line":30,"column":104}}},"3":{"name":"(anonymous_17)","decl":{"start":{"line":34,"column":44},"end":{"line":34,"column":45}},"loc":{"start":{"line":34,"column":73},"end":{"line":34,"column":110}}},"4":{"name":"(anonymous_18)","decl":{"start":{"line":57,"column":26},"end":{"line":57,"column":32}},"loc":{"start":{"line":57,"column":87},"end":{"line":66,"column":null}}},"5":{"name":"(anonymous_19)","decl":{"start":{"line":57,"column":87},"end":{"line":57,"column":null}},"loc":{"start":{"line":57,"column":87},"end":{"line":66,"column":1}}},"6":{"name":"(anonymous_20)","decl":{"start":{"line":68,"column":33},"end":{"line":68,"column":39}},"loc":{"start":{"line":68,"column":96},"end":{"line":76,"column":null}}},"7":{"name":"(anonymous_21)","decl":{"start":{"line":68,"column":96},"end":{"line":68,"column":null}},"loc":{"start":{"line":68,"column":96},"end":{"line":76,"column":1}}}},"branchMap":{"0":{"loc":{"start":{"line":10,"column":81},"end":{"line":10,"column":93}},"type":"cond-expr","locations":[{"start":{"line":10,"column":89},"end":{"line":10,"column":91}},{"start":{"line":10,"column":81},"end":{"line":10,"column":93}}]},"1":{"loc":{"start":{"line":10,"column":81},"end":{"line":10,"column":91}},"type":"binary-expr","locations":[{"start":{"line":10,"column":81},"end":{"line":10,"column":91}},{"start":{"line":10,"column":81},"end":{"line":10,"column":91}}]},"2":{"loc":{"start":{"line":14,"column":4},"end":{"line":27,"column":null}},"type":"if","locations":[{"start":{"line":14,"column":4},"end":{"line":27,"column":null}},{"start":{"line":19,"column":11},"end":{"line":27,"column":null}}]},"3":{"loc":{"start":{"line":29,"column":80},"end":{"line":29,"column":92}},"type":"cond-expr","locations":[{"start":{"line":29,"column":88},"end":{"line":29,"column":90}},{"start":{"line":29,"column":80},"end":{"line":29,"column":92}}]},"4":{"loc":{"start":{"line":29,"column":80},"end":{"line":29,"column":90}},"type":"binary-expr","locations":[{"start":{"line":29,"column":80},"end":{"line":29,"column":90}},{"start":{"line":29,"column":80},"end":{"line":29,"column":90}}]},"5":{"loc":{"start":{"line":33,"column":4},"end":{"line":54,"column":null}},"type":"if","locations":[{"start":{"line":33,"column":4},"end":{"line":54,"column":null}},{"start":{"line":44,"column":11},"end":{"line":54,"column":null}}]},"6":{"loc":{"start":{"line":61,"column":8},"end":{"line":63,"column":null}},"type":"if","locations":[{"start":{"line":61,"column":8},"end":{"line":63,"column":null}}]},"7":{"loc":{"start":{"line":70,"column":4},"end":{"line":75,"column":null}},"type":"if","locations":[{"start":{"line":70,"column":4},"end":{"line":75,"column":null}},{"start":{"line":72,"column":11},"end":{"line":75,"column":null}}]}},"s":{"0":1,"1":1,"2":1,"3":0,"4":0,"5":0,"6":0,"7":0,"8":0,"9":0,"10":0,"11":0,"12":0,"13":0,"14":0,"15":0,"16":0,"17":0,"18":0,"19":1,"20":1,"21":0,"22":0,"23":0,"24":0,"25":0,"26":0,"27":0,"28":1,"29":6,"30":6,"31":6,"32":6,"33":0,"34":0,"35":1},"f":{"0":0,"1":0,"2":0,"3":0,"4":0,"5":0,"6":6,"7":6},"b":{"0":[0,0],"1":[0,0],"2":[0,0],"3":[0,0],"4":[0,0],"5":[0,0],"6":[0],"7":[6,0]}}
}
