TN:
SF:config\config.ts
FNF:0
FNH:0
DA:1,1
DA:3,1
DA:6,1
DA:15,1
DA:16,1
DA:18,1
DA:22,1
DA:27,1
DA:29,1
DA:35,1
LF:10
LH:10
BRDA:15,0,0,1
BRDA:15,0,1,1
BRDA:16,1,0,1
BRDA:16,1,1,1
BRF:4
BRH:4
end_of_record
TN:
SF:models\UserModel.ts
FNF:0
FNH:0
DA:1,1
DA:4,1
DA:9,1
DA:35,1
LF:4
LH:4
BRF:0
BRH:0
end_of_record
TN:
SF:riotApis\riotApis.ts
FN:41,(anonymous_8)
FN:41,(anonymous_9)
FN:47,(anonymous_10)
FN:47,(anonymous_11)
FN:52,(anonymous_12)
FN:52,(anonymous_13)
FN:57,(anonymous_14)
FN:57,(anonymous_15)
FN:63,(anonymous_16)
FN:63,(anonymous_17)
FN:69,(anonymous_18)
FN:69,(anonymous_19)
FNF:12
FNH:4
FNDA:0,(anonymous_8)
FNDA:0,(anonymous_9)
FNDA:0,(anonymous_10)
FNDA:0,(anonymous_11)
FNDA:0,(anonymous_12)
FNDA:0,(anonymous_13)
FNDA:0,(anonymous_14)
FNDA:0,(anonymous_15)
FNDA:4,(anonymous_16)
FNDA:4,(anonymous_17)
FNDA:23,(anonymous_18)
FNDA:23,(anonymous_19)
DA:2,1
DA:3,1
DA:12,1
DA:14,1
DA:27,1
DA:33,1
DA:41,1
DA:42,0
DA:43,0
DA:47,1
DA:48,0
DA:49,0
DA:52,1
DA:53,0
DA:54,0
DA:57,1
DA:58,0
DA:59,0
DA:60,0
DA:63,4
DA:64,4
DA:65,4
DA:69,23
DA:70,23
DA:71,23
LF:25
LH:16
BRF:0
BRH:0
end_of_record
TN:
SF:services\matchService.ts
FN:7,(anonymous_14)
FN:7,(anonymous_15)
FN:12,(anonymous_16)
FN:12,(anonymous_17)
FN:34,(anonymous_18)
FN:34,(anonymous_19)
FN:43,(anonymous_20)
FN:79,(anonymous_21)
FN:79,(anonymous_22)
FNF:9
FNH:5
FNDA:0,(anonymous_14)
FNDA:0,(anonymous_15)
FNDA:4,(anonymous_16)
FNDA:4,(anonymous_17)
FNDA:2,(anonymous_18)
FNDA:2,(anonymous_19)
FNDA:2,(anonymous_20)
FNDA:0,(anonymous_21)
FNDA:0,(anonymous_22)
DA:1,1
DA:4,1
DA:7,1
DA:8,0
DA:9,0
DA:12,4
DA:13,4
DA:14,4
DA:15,2
DA:17,2
DA:18,1
DA:19,1
DA:22,1
DA:23,1
DA:27,0
DA:30,2
DA:34,2
DA:35,2
DA:36,2
DA:37,23
DA:38,23
DA:40,2
DA:43,1
DA:44,2
DA:45,2
DA:46,2
DA:47,2
DA:48,2
DA:49,2
DA:50,2
DA:51,2
DA:52,2
DA:53,2
DA:54,4
DA:55,2
DA:56,0
DA:58,2
DA:60,2
DA:61,2
DA:62,2
DA:63,2
DA:64,2
DA:69,2
DA:79,1
DA:80,0
DA:81,0
DA:82,0
DA:83,0
DA:84,0
DA:87,0
DA:89,0
LF:51
LH:40
BRDA:14,0,0,2
BRDA:14,0,1,2
BRDA:17,1,0,1
BRDA:17,1,1,1
BRDA:22,2,0,1
BRDA:22,2,1,0
BRDA:54,3,0,2
BRDA:55,4,0,0
BRDA:55,4,1,2
BRDA:81,5,0,0
BRDA:81,5,1,0
BRF:11
BRH:7
end_of_record
TN:
SF:services\summonerService.ts
FN:8,(anonymous_14)
FN:8,(anonymous_15)
FN:30,(anonymous_16)
FN:34,(anonymous_17)
FN:57,(anonymous_18)
FN:57,(anonymous_19)
FN:68,(anonymous_20)
FN:68,(anonymous_21)
FNF:8
FNH:2
FNDA:0,(anonymous_14)
FNDA:0,(anonymous_15)
FNDA:0,(anonymous_16)
FNDA:0,(anonymous_17)
FNDA:0,(anonymous_18)
FNDA:0,(anonymous_19)
FNDA:6,(anonymous_20)
FNDA:6,(anonymous_21)
DA:1,1
DA:6,1
DA:8,1
DA:9,0
DA:10,0
DA:13,0
DA:14,0
DA:15,0
DA:20,0
DA:29,0
DA:30,0
DA:31,0
DA:33,0
DA:34,0
DA:35,0
DA:45,0
DA:57,1
DA:58,0
DA:59,0
DA:60,0
DA:61,0
DA:62,0
DA:65,0
DA:68,6
DA:69,6
DA:70,6
DA:71,6
DA:73,0
DA:74,0
LF:29
LH:8
BRDA:10,0,0,0
BRDA:10,0,1,0
BRDA:10,1,0,0
BRDA:10,1,1,0
BRDA:14,2,0,0
BRDA:14,2,1,0
BRDA:29,3,0,0
BRDA:29,3,1,0
BRDA:29,4,0,0
BRDA:29,4,1,0
BRDA:33,5,0,0
BRDA:33,5,1,0
BRDA:61,6,0,0
BRDA:70,7,0,6
BRDA:70,7,1,0
BRF:15
BRH:1
end_of_record
